[32minfo[39m: GET es / - 11:23:02
[32minfo[39m: GET es /favicon.ico - 11:23:02
[31mfatal[39m: Hola
[31mfatal[39m: Hola
[36mwarning[39m: Hola
[36mwarning[39m: Hola
[33merror[39m: Hola
[33merror[39m: Hola
[34minfo[39m: Hola
[34minfo[39m: Info
[33merror[39m: Error
[33merror[39m: Error
[36mwarning[39m: Warning
[36mwarning[39m: Warning
[31mfatal[39m: Fatal
[31mfatal[39m: Fatal
[33merror[39m: Error
[33merror[39m: Error
[36mwarning[39m: Warning
[36mwarning[39m: Warning
[31mfatal[39m: Http
[31mfatal[39m: Http
[31mfatal[39m: Http
[31mfatal[39m: Http
[31mfatal[39m: Http
[36mwarning[39m: Warning
[36mwarning[39m: Warning
[36mwarning[39m: Warning
[36mwarning[39m: Warning
[36mwarning[39m: Warning
[36mwarning[39m: Warning
[31mfatal[39m: Http
[31mfatal[39m: Http
[31mfatal[39m: Http
[31mfatal[39m: Fatal
[31mfatal[39m: Fatal
[31mfatal[39m: Fatal
[33merror[39m: Error
[33merror[39m: Error
[33merror[39m: Error
[34minfo[39m: Info
[34minfo[39m: Info
[31mfatal[39m: Http
[31mfatal[39m: Http
[31mfatal[39m: Http
[32mhttp[39m: Http
[32mhttp[39m: Http
[32mhttp[39m: Http
